[debug] [2017-08-16T00:16:38.981Z] ----------------------------------------------------------------------
[debug] [2017-08-16T00:16:38.984Z] Command:       /usr/local/bin/node /Users/Cris/.node/bin/firebase serve
[debug] [2017-08-16T00:16:38.984Z] CLI Version:   3.9.2
[debug] [2017-08-16T00:16:38.984Z] Platform:      darwin
[debug] [2017-08-16T00:16:38.984Z] Node Version:  v6.11.2
[debug] [2017-08-16T00:16:38.985Z] Time:          Tue Aug 15 2017 17:16:38 GMT-0700 (PDT)
[debug] [2017-08-16T00:16:38.985Z] ----------------------------------------------------------------------
[debug] 
[debug] [2017-08-16T00:16:38.998Z] > command requires scopes: ["email","openid","https://www.googleapis.com/auth/cloudplatformprojects.readonly","https://www.googleapis.com/auth/firebase","https://www.googleapis.com/auth/cloud-platform"]
[debug] [2017-08-16T00:16:38.998Z] > authorizing via signed-in user
[debug] [2017-08-16T00:16:39.001Z] > refreshing access token with scopes: ["email","https://www.googleapis.com/auth/cloud-platform","https://www.googleapis.com/auth/cloudplatformprojects.readonly","https://www.googleapis.com/auth/firebase","openid"]
[debug] [2017-08-16T00:16:39.001Z] >>> HTTP REQUEST POST https://www.googleapis.com/oauth2/v3/token { refresh_token: '1/gHxBHb1KX_G-oTTCPwlnbSwNzDbm92yzlFKKo5h-bbODT8s4fs-pt-XirXeGVyn_',
  client_id: '563584335869-fgrhgmd47bqnekij5i8b5pr03ho849e6.apps.googleusercontent.com',
  client_secret: 'j9iVZfS8kkCEFUPaAeJV0sAi',
  grant_type: 'refresh_token',
  scope: 'email https://www.googleapis.com/auth/cloud-platform https://www.googleapis.com/auth/cloudplatformprojects.readonly https://www.googleapis.com/auth/firebase openid' } 
 Tue Aug 15 2017 17:16:39 GMT-0700 (PDT)
[debug] [2017-08-16T00:16:39.323Z] <<< HTTP RESPONSE 200
[debug] [2017-08-16T00:16:39.331Z] >>> HTTP REQUEST GET https://admin.firebase.com/v1/projects/friendlychat-58000  
 Tue Aug 15 2017 17:16:39 GMT-0700 (PDT)
[debug] [2017-08-16T00:16:40.551Z] <<< HTTP RESPONSE 200
[debug] [2017-08-16T00:16:40.552Z] >>> HTTP REQUEST GET https://admin.firebase.com/v1/database/friendlychat-58000/tokens  
 Tue Aug 15 2017 17:16:40 GMT-0700 (PDT)
[debug] [2017-08-16T00:16:41.132Z] <<< HTTP RESPONSE 200
[info] 
[info] === Serving from '/Users/Cris/Desktop/firehose-vagrant/src/firehose_homework5/homework-09/friendlychat-web/web-start'...
[info] 
[debug] [2017-08-16T00:16:41.136Z] >>> HTTP REQUEST GET https://cloudresourcemanager.googleapis.com/v1/projects/friendlychat-58000  
 Tue Aug 15 2017 17:16:41 GMT-0700 (PDT)
[debug] [2017-08-16T00:16:41.953Z] <<< HTTP RESPONSE 200
[debug] [2017-08-16T00:16:41.953Z] >>> HTTP REQUEST GET https://mobilesdk-pa.googleapis.com/v1/projects/960759653518/clients/_:getWebAppConfig  
 Tue Aug 15 2017 17:16:41 GMT-0700 (PDT)
[debug] [2017-08-16T00:16:42.522Z] <<< HTTP RESPONSE 200
[info] i  hosting: Serving hosting files from: ./
[info] ✔  hosting: Local server: http://localhost:5000

